#
# A fatal error has been detected by the Java Runtime Environment:
#
#  EXCEPTION_ACCESS_VIOLATION (0xc0000005) at pc=0x0000000008d414fc, pid=3996, tid=1120
#
# JRE version: 6.0_17-b04
# Java VM: Java HotSpot(TM) 64-Bit Server VM (14.3-b01 mixed mode windows-amd64 )
# Problematic frame:
# C  [idl.dll+0xd14fc]
#
# If you would like to submit a bug report, please visit:
#   http://java.sun.com/webapps/bugreport/crash.jsp
# The crash happened outside the Java Virtual Machine in native code.
# See problematic frame for where to report the bug.
#

---------------  T H R E A D  ---------------

Current thread (0x00000000073bb000):  JavaThread "IDL" [_thread_in_native, id=1120, stack(0x0000000008b70000,0x0000000008c70000)]

siginfo: ExceptionCode=0xc0000005, reading address 0x000001900000003a

Registers:
EAX=0x0000019000000012, EBX=0x000000000000002b, ECX=0x000000000948c316, EDX=0x000000000939f96f
ESP=0x0000000008c6bda0, EBP=0x0000000009df0188, ESI=0x0000000000000000, EDI=0x0000000000000001
EIP=0x0000000008d414fc, EFLAGS=0x0000000000010283

Top of Stack: (sp=0x0000000008c6bda0)
0x0000000008c6bda0:   0000000000000001 0000000000000000
0x0000000008c6bdb0:   0000000000000000 0000000000000000
0x0000000008c6bdc0:   0000000080000000 0000000000000000
0x0000000008c6bdd0:   8000000000000000 0000000000000000
0x0000000008c6bde0:   000000000948c300 0000000000000000
0x0000000008c6bdf0:   3ff0000000000000 0000000000000000
0x0000000008c6be00:   0000000000000000 0000000000000000
0x0000000008c6be10:   0000000000000000 0000000000000000
0x0000000008c6be20:   0000000000000000 0000000000000000
0x0000000008c6be30:   0000000000000002 0000000008c6bf90
0x0000000008c6be40:   0000000000000000 0000000009df0190
0x0000000008c6be50:   0000000000000000 0000000008f7cc60
0x0000000008c6be60:   0000000096670c70 0000000000000002
0x0000000008c6be70:   0000000009a70070 0000000028f5dd70
0x0000000008c6be80:   0000000000000000 0000000000000001
0x0000000008c6be90:   0000000000001fa0 00000000781bcb32 

Instructions: (pc=0x0000000008d414fc)
0x0000000008d414ec:   80 df 1a 00 48 8b 84 24 20 01 00 00 48 8b 40 08
0x0000000008d414fc:   4c 8b 48 28 4c 8d 05 69 e4 65 00 ba 40 00 00 00 


Stack: [0x0000000008b70000,0x0000000008c70000],  sp=0x0000000008c6bda0,  free space=1007k
Native frames: (J=compiled Java code, j=interpreted, Vv=VM code, C=native code)
C  [idl.dll+0xd14fc]

Java frames: (J=compiled Java code, j=interpreted, Vv=VM code)
j  com.rsi.idldt.core.ips.IPS_Access.IPS_Start([Ljava/lang/String;)V+0
j  com.rsi.idldt.core.ips.IPS_Manager$2.run()V+15
j  java.lang.Thread.run()V+11
v  ~StubRoutines::call_stub

---------------  P R O C E S S  ---------------

Java Threads: ( => current thread )
  0x0000000010742000 JavaThread "Thread-2972" [_thread_in_native, id=3112, stack(0x0000000015a50000,0x0000000015b50000)]
  0x0000000010741800 JavaThread "Worker-298" [_thread_blocked, id=3852, stack(0x0000000014cb0000,0x0000000014db0000)]
  0x0000000010743800 JavaThread "Worker-297" [_thread_blocked, id=4900, stack(0x0000000014910000,0x0000000014a10000)]
  0x0000000010743000 JavaThread "Worker-296" [_thread_blocked, id=272, stack(0x000000000f170000,0x000000000f270000)]
  0x0000000010740000 JavaThread "Worker-294" [_thread_blocked, id=3736, stack(0x000000000f4d0000,0x000000000f5d0000)]
  0x0000000010745000 JavaThread "Worker-293" [_thread_blocked, id=3764, stack(0x000000000dfa0000,0x000000000e0a0000)]
  0x0000000010740800 JavaThread "HighTraffic" [_thread_blocked, id=3620, stack(0x000000000f270000,0x000000000f370000)]
  0x00000000076ee000 JavaThread "Timer-2" daemon [_thread_blocked, id=2824, stack(0x000000000ee20000,0x000000000ef20000)]
  0x00000000076ed000 JavaThread "Timer-1" daemon [_thread_blocked, id=2304, stack(0x000000000ed20000,0x000000000ee20000)]
  0x00000000076e3800 JavaThread "Thread-10" [_thread_in_native, id=2748, stack(0x000000000eae0000,0x000000000ebe0000)]
  0x00000000076eb800 JavaThread "IDLDT DOM Worker-3" [_thread_blocked, id=188, stack(0x000000000e980000,0x000000000ea80000)]
  0x00000000076eb000 JavaThread "IDLDT DOM Worker-2" [_thread_blocked, id=2300, stack(0x000000000e880000,0x000000000e980000)]
  0x00000000076ea000 JavaThread "IDLDT DOM Worker-1" [_thread_blocked, id=456, stack(0x000000000e780000,0x000000000e880000)]
  0x00000000076e9800 JavaThread "IDLDT DOM Worker-0" [_thread_blocked, id=1368, stack(0x000000000e680000,0x000000000e780000)]
  0x00000000076e9000 JavaThread "Timer-0" daemon [_thread_blocked, id=1968, stack(0x000000000e580000,0x000000000e680000)]
  0x00000000076e4800 JavaThread "Bundle File Closer" daemon [_thread_blocked, id=2444, stack(0x000000000c980000,0x000000000ca80000)]
=>0x00000000073bb000 JavaThread "IDL" [_thread_in_native, id=1120, stack(0x0000000008b70000,0x0000000008c70000)]
  0x00000000073ba000 JavaThread "IDLToJava Broker" daemon [_thread_blocked, id=2704, stack(0x0000000008a70000,0x0000000008b70000)]
  0x00000000074a6800 JavaThread "Framework Event Dispatcher" daemon [_thread_blocked, id=2596, stack(0x0000000007d50000,0x0000000007e50000)]
  0x000000000740f800 JavaThread "Start Level Event Dispatcher" daemon [_thread_blocked, id=2600, stack(0x0000000007c50000,0x0000000007d50000)]
  0x000000000661b800 JavaThread "State Data Manager" daemon [_thread_blocked, id=2700, stack(0x0000000007b50000,0x0000000007c50000)]
  0x00000000065a2000 JavaThread "Low Memory Detector" daemon [_thread_blocked, id=2168, stack(0x0000000006c50000,0x0000000006d50000)]
  0x000000000659e800 JavaThread "CompilerThread1" daemon [_thread_blocked, id=3012, stack(0x0000000006b50000,0x0000000006c50000)]
  0x000000000659a800 JavaThread "CompilerThread0" daemon [_thread_blocked, id=4092, stack(0x0000000006a50000,0x0000000006b50000)]
  0x0000000006594000 JavaThread "Attach Listener" daemon [_thread_blocked, id=4084, stack(0x0000000006950000,0x0000000006a50000)]
  0x0000000006591000 JavaThread "Signal Dispatcher" daemon [_thread_blocked, id=4076, stack(0x0000000006850000,0x0000000006950000)]
  0x0000000006530000 JavaThread "Finalizer" daemon [_thread_blocked, id=4068, stack(0x0000000006750000,0x0000000006850000)]
  0x0000000006529800 JavaThread "Reference Handler" daemon [_thread_blocked, id=4060, stack(0x0000000006650000,0x0000000006750000)]
  0x0000000001e9c000 JavaThread "main" [_thread_in_Java, id=4000, stack(0x0000000000030000,0x0000000000130000)]

Other Threads:
  0x0000000006522800 VMThread [stack: 0x00000000062c0000,0x00000000063c0000] [id=4052]
  0x00000000065a7800 WatcherThread [stack: 0x0000000006d50000,0x0000000006e50000] [id=2264]

VM state:not at safepoint (normal execution)

VM Mutex/Monitor currently owned by a thread: None

Heap
 PSYoungGen      total 85376K, used 48792K [0x000000022fd70000, 0x00000002352b0000, 0x0000000285210000)
  eden space 85248K, 57% used [0x000000022fd70000,0x0000000232d16050,0x00000002350b0000)
  from space 128K, 0% used [0x0000000235290000,0x0000000235290000,0x00000002352b0000)
  to   space 1024K, 0% used [0x00000002350b0000,0x00000002350b0000,0x00000002351b0000)
 PSOldGen        total 174720K, used 66235K [0x0000000185410000, 0x000000018feb0000, 0x000000022fd70000)
  object space 174720K, 37% used [0x0000000185410000,0x00000001894bee30,0x000000018feb0000)
 PSPermGen       total 59072K, used 58784K [0x0000000180010000, 0x00000001839c0000, 0x0000000185410000)
  object space 59072K, 99% used [0x0000000180010000,0x00000001839780e0,0x00000001839c0000)

Dynamic libraries:
0x0000000000400000 - 0x0000000000410000 	C:\Program Files\ITT\IDL\IDL81\bin\bin.x86_64\idlde.exe
0x0000000077ec0000 - 0x0000000077ff9000 	C:\WINDOWS\system32\ntdll.dll
0x0000000077d40000 - 0x0000000077eb3000 	C:\WINDOWS\system32\kernel32.dll
0x0000000077c20000 - 0x0000000077d2c000 	C:\WINDOWS\system32\USER32.dll
0x000007ff7fc90000 - 0x000007ff7fd2b000 	C:\WINDOWS\system32\GDI32.dll
0x000007ff7f000000 - 0x000007ff7f187000 	C:\WINDOWS\WinSxS\AMD64_Microsoft.Windows.Common-Controls_6595b64144ccf1df_6.0.3790.3959_x-ww_0A7B2435\COMCTL32.dll
0x000007ff7fc00000 - 0x000007ff7fc86000 	C:\WINDOWS\system32\msvcrt.dll
0x000007ff7fee0000 - 0x000007ff7ffe5000 	C:\WINDOWS\system32\ADVAPI32.dll
0x000007ff7fd30000 - 0x000007ff7fec9000 	C:\WINDOWS\system32\RPCRT4.dll
0x000007ff7e9c0000 - 0x000007ff7e9e2000 	C:\WINDOWS\system32\Secur32.dll
0x000007ff7ef60000 - 0x000007ff7effb000 	C:\WINDOWS\system32\SHLWAPI.dll
0x0000000072000000 - 0x0000000072019000 	C:\Program Files\ITT\IDL\IDL81\bin\bin.x86_64\plugins\org.eclipse.equinox.launcher.win32.win32.x86_64_1.0.200.v20090519\eclipse_1206.dll
0x000007ff7fbf0000 - 0x000007ff7fbfb000 	C:\WINDOWS\system32\VERSION.dll
0x000000006d7f0000 - 0x000000006de4d000 	C:\Program Files\ITT\IDL\IDL81\bin\bin.x86_64\jre\bin\server\jvm.dll
0x000007ff7e240000 - 0x000007ff7e290000 	C:\WINDOWS\system32\WINMM.dll
0x000000006d760000 - 0x000000006d76e000 	C:\Program Files\ITT\IDL\IDL81\bin\bin.x86_64\jre\bin\verify.dll
0x000000006d3b0000 - 0x000000006d3d7000 	C:\Program Files\ITT\IDL\IDL81\bin\bin.x86_64\jre\bin\java.dll
0x000000006d310000 - 0x000000006d31a000 	C:\Program Files\ITT\IDL\IDL81\bin\bin.x86_64\jre\bin\hpi.dll
0x000007ff7e380000 - 0x000007ff7e390000 	C:\WINDOWS\system32\PSAPI.DLL
0x000000006d7b0000 - 0x000000006d7c2000 	C:\Program Files\ITT\IDL\IDL81\bin\bin.x86_64\jre\bin\zip.dll
0x000007ff7a410000 - 0x000007ff7a4af000 	C:\WINDOWS\system32\MSCTF.dll
0x000007ff77230000 - 0x000007ff772af000 	C:\WINDOWS\system32\UxTheme.dll
0x0000000068000000 - 0x000000006804c000 	C:\WINDOWS\system32\rsaenh.dll
0x000007ff7c680000 - 0x000007ff7c78a000 	C:\WINDOWS\system32\USERENV.dll
0x000007ff77370000 - 0x000007ff77408000 	C:\WINDOWS\system32\netapi32.dll
0x000000006d600000 - 0x000000006d617000 	C:\Program Files\ITT\IDL\IDL81\bin\bin.x86_64\jre\bin\net.dll
0x000007ff77310000 - 0x000007ff77340000 	C:\WINDOWS\system32\WS2_32.dll
0x000007ff77140000 - 0x000007ff7714c000 	C:\WINDOWS\system32\WS2HELP.dll
0x000007ff771b0000 - 0x000007ff7722d000 	C:\WINDOWS\System32\mswsock.dll
0x000007ff7e8f0000 - 0x000007ff7e93e000 	C:\WINDOWS\system32\DNSAPI.dll
0x000007ff7e9f0000 - 0x000007ff7e9fb000 	C:\WINDOWS\System32\winrnr.dll
0x000007ff7e950000 - 0x000007ff7e9b6000 	C:\WINDOWS\system32\WLDAP32.dll
0x000007ff7ea00000 - 0x000007ff7ea07000 	C:\WINDOWS\system32\rasadhlp.dll
0x000000006d620000 - 0x000000006d62b000 	C:\Program Files\ITT\IDL\IDL81\bin\bin.x86_64\jre\bin\nio.dll
0x0000000010000000 - 0x0000000010098000 	C:\Documents and Settings\Administrator\.idl\itt\idlworkbench-config-idl8.1.0\org.eclipse.osgi\bundles\226\1\.cp\swt-win32-3557.dll
0x000007ff57140000 - 0x000007ff573c5000 	C:\WINDOWS\system32\ole32.dll
0x000007ff7ebc0000 - 0x000007ff7ecd6000 	C:\WINDOWS\system32\OLEAUT32.dll
0x000007ff7d540000 - 0x000007ff7d5b7000 	C:\WINDOWS\system32\comdlg32.dll
0x000007ff7f190000 - 0x000007ff7fb9a000 	C:\WINDOWS\system32\SHELL32.dll
0x000007ff7d500000 - 0x000007ff7d539000 	C:\WINDOWS\system32\IMM32.dll
0x000007ff78e80000 - 0x000007ff78f0e000 	C:\WINDOWS\system32\USP10.dll
0x000007ff7d200000 - 0x000007ff7d32a000 	C:\WINDOWS\system32\WININET.dll
0x000007ff7d370000 - 0x000007ff7d4cf000 	C:\WINDOWS\system32\CRYPT32.dll
0x000007ff7d340000 - 0x000007ff7d36a000 	C:\WINDOWS\system32\MSASN1.dll
0x0000000008280000 - 0x000000000829e000 	C:\Documents and Settings\Administrator\.idl\itt\idlworkbench-config-idl8.1.0\org.eclipse.osgi\bundles\226\1\.cp\swt-gdip-win32-3557.dll
0x000007ff76470000 - 0x000007ff76734000 	C:\WINDOWS\WinSxS\amd64_Microsoft.Windows.GdiPlus_6595b64144ccf1df_1.0.3790.3959_x-ww_B45BA3BE\gdiplus.dll
0x0000000008750000 - 0x0000000008762000 	C:\Documents and Settings\Administrator\.idl\itt\idlworkbench-config-idl8.1.0\org.eclipse.osgi\bundles\73\1\.cp\os\win32\x86_64\localfile_1_0_0.dll
0x00000000089a0000 - 0x00000000089d7000 	C:\Program Files\ITT\IDL\IDL81\bin\bin.x86_64\idl_ips.dll
0x0000000008c70000 - 0x000000000964d000 	C:\Program Files\ITT\IDL\IDL81\bin\bin.x86_64\idl.dll
0x0000000008a00000 - 0x0000000008a29000 	C:\Program Files\ITT\IDL\IDL81\bin\bin.x86_64\UG3220.dll
0x0000000009650000 - 0x00000000096c4000 	C:\Program Files\ITT\IDL\IDL81\bin\bin.x86_64\MesaGLU6_2.dll
0x0000000078130000 - 0x00000000781f9000 	C:\WINDOWS\WinSxS\amd64_Microsoft.VC80.CRT_1fc8b3b9a1e18e3b_8.0.50727.4053_x-ww_18A05F69\MSVCR80.dll
0x00000000096d0000 - 0x0000000009874000 	C:\Program Files\ITT\IDL\IDL81\bin\bin.x86_64\MesaGL6_2.dll
0x0000000008a30000 - 0x0000000008a3c000 	C:\Program Files\ITT\IDL\IDL81\bin\bin.x86_64\osmesa6_2.dll
0x0000000009880000 - 0x0000000009902000 	C:\Program Files\ITT\IDL\IDL81\bin\bin.x86_64\freetype2_3_6.dll
0x000007ff78f10000 - 0x000007ff78f51000 	C:\WINDOWS\system32\WINSPOOL.DRV
0x000007ff62dc0000 - 0x000007ff62dfd000 	C:\WINDOWS\system32\spool\DRIVERS\x64\3\PS5UI.DLL
0x000007ff62cf0000 - 0x000007ff62da8000 	C:\WINDOWS\system32\spool\DRIVERS\x64\3\PSCRIPT5.DLL
0x000007ff794e0000 - 0x000007ff7950f000 	C:\WINDOWS\system32\mscms.dll
0x000007ff63990000 - 0x000007ff63ac8000 	C:\WINDOWS\system32\OpenGL32.DLL
0x000007ff6d600000 - 0x000007ff6d636000 	C:\WINDOWS\system32\GLU32.dll
0x000007ff79190000 - 0x000007ff79202000 	C:\WINDOWS\system32\DDRAW.dll
0x000007ff793e0000 - 0x000007ff793e8000 	C:\WINDOWS\system32\DCIMAN32.dll
0x000000000bd80000 - 0x000000000bdc1000 	C:\Program Files\ITT\IDL\IDL81\bin\bin.x86_64\gl_driver.dll
0x000007ff57040000 - 0x000007ff57071000 	C:\WINDOWS\system32\iphlpapi.dll
0x000007ff799e0000 - 0x000007ff799e4000 	C:\WINDOWS\system32\icmp.Dll
0x000007ff6d200000 - 0x000007ff6d293000 	C:\WINDOWS\system32\hnetcfg.dll
0x000007ff77170000 - 0x000007ff7717b000 	C:\WINDOWS\System32\wshtcpip.dll
0x000007ff7ade0000 - 0x000007ff7ae42000 	C:\WINDOWS\system32\oleacc.dll
0x000000000c330000 - 0x000000000c41a000 	C:\WINDOWS\system32\msvcp60.dll
0x000000000c4b0000 - 0x000000000c777000 	C:\WINDOWS\system32\xpsp2res.dll
0x000007ff7ea10000 - 0x000007ff7eaee000 	C:\WINDOWS\system32\CLBCatQ.DLL
0x000007ff7eaf0000 - 0x000007ff7ebb6000 	C:\WINDOWS\system32\COMRes.dll
0x000007ff7a4c0000 - 0x000007ff7a56f000 	C:\WINDOWS\system32\mlang.dll
0x000007ff7dfc0000 - 0x000007ff7e217000 	C:\WINDOWS\system32\shdocvw.dll
0x000007ff7bd30000 - 0x000007ff7bde4000 	C:\WINDOWS\system32\CRYPTUI.dll
0x000007ff7e3e0000 - 0x000007ff7e42e000 	C:\WINDOWS\system32\WINTRUST.dll
0x000007ff7e470000 - 0x000007ff7e483000 	C:\WINDOWS\system32\imagehlp.dll
0x000007ff7ce50000 - 0x000007ff7ce91000 	C:\WINDOWS\system32\apphelp.dll
0x000007ff7cc60000 - 0x000007ff7ce47000 	C:\WINDOWS\system32\SXS.DLL
0x000000000e170000 - 0x000000000e176000 	C:\WINDOWS\system32\msimg32.dll
0x0000000008970000 - 0x0000000008981000 	C:\Documents and Settings\Administrator\.idl\itt\idlworkbench-config-idl8.1.0\org.eclipse.osgi\bundles\79\1\.cp\jWinHttp-1.0.0.dll
0x000007ff763b0000 - 0x000007ff76434000 	C:\WINDOWS\WinSxS\amd64_Microsoft.Windows.WinHTTP_6595b64144ccf1df_5.1.3790.3959_x-ww_03ACA661\WINHTTP.dll
0x000007ff7e880000 - 0x000007ff7e8eb000 	C:\WINDOWS\system32\RASAPI32.DLL
0x000007ff7e800000 - 0x000007ff7e81c000 	C:\WINDOWS\system32\rasman.dll
0x000007ff7e820000 - 0x000007ff7e877000 	C:\WINDOWS\system32\TAPI32.dll
0x000007ff7e610000 - 0x000007ff7e625000 	C:\WINDOWS\system32\rtutils.dll
0x000007ff7e500000 - 0x000007ff7e544000 	C:\WINDOWS\system32\msv1_0.dll
0x000000000c920000 - 0x000000000c93c000 	C:\Documents and Settings\Administrator\Application Data\Dropbox\bin\DropboxExt64.14.dll
0x000007ff724e0000 - 0x000007ff7261e000 	C:\WINDOWS\system32\dbghelp.dll
0x000007ff7dac0000 - 0x000007ff7dc38000 	C:\WINDOWS\system32\SETUPAPI.dll
0x000007ff7df80000 - 0x000007ff7dfb1000 	C:\WINDOWS\system32\ntshrui.dll
0x000007ff772d0000 - 0x000007ff772f1000 	C:\WINDOWS\system32\MPR.dll
0x000000000e1f0000 - 0x000000000e1fa000 	C:\WINDOWS\System32\drprov.dll
0x000007ff649f0000 - 0x000007ff64a06000 	C:\WINDOWS\System32\ntlanman.dll
0x000007ff65140000 - 0x000007ff65164000 	C:\WINDOWS\System32\NETUI0.dll
0x000007ff650e0000 - 0x000007ff65138000 	C:\WINDOWS\System32\NETUI1.dll
0x000007ff77150000 - 0x000007ff77166000 	C:\WINDOWS\System32\SAMLIB.dll
0x000007ff7ceb0000 - 0x000007ff7cebd000 	C:\WINDOWS\System32\davclnt.dll
0x000007ff7c540000 - 0x000007ff7c667000 	C:\WINDOWS\system32\MSGINA.dll
0x000007ff7d4d0000 - 0x000007ff7d4ea000 	C:\WINDOWS\system32\WINSTA.dll
0x000000000fe70000 - 0x000000000fe95000 	C:\Program Files\ITT\IDL\IDL81\bin\bin.x86_64\idl_xml.dll
0x00000000120a0000 - 0x0000000012339000 	C:\Program Files\ITT\IDL\IDL81\bin\bin.x86_64\xerces-c_2_6_0.dll
0x0000000069500000 - 0x000000006a9ce000 	C:\WINDOWS\system32\nvoglnt.dll
0x000007ff7d050000 - 0x000007ff7d15f000 	C:\WINDOWS\system32\urlmon.dll
0x0000000014b10000 - 0x0000000014ba6000 	C:\WINDOWS\system32\shdoclc.dll
0x0000000515200000 - 0x000000051527e000 	C:\Program Files\Common Files\Microsoft Shared\VS7Debug\pdm.dll
0x0000000514400000 - 0x000000051445b000 	C:\Program Files\Common Files\Microsoft Shared\VS7Debug\msdbg2.dll
0x000007ff7a580000 - 0x000007ff7ab3f000 	C:\WINDOWS\system32\mshtml.dll
0x000007ff7a340000 - 0x000007ff7a39d000 	C:\WINDOWS\system32\msls31.dll
0x000007ff7a3a0000 - 0x000007ff7a403000 	C:\WINDOWS\system32\msimtf.dll
0x000007ff7df70000 - 0x000007ff7df7c000 	C:\WINDOWS\system32\LINKINFO.dll
0x000007ff7cec0000 - 0x000007ff7d04c000 	C:\WINDOWS\system32\browseui.dll
0x000000000b550000 - 0x000000000b57e000 	C:\Program Files\ITT\IDL\IDL81\bin\bin.x86_64\idl_jpeg.dll

VM Arguments:
jvm_args: -Dosgi.instance.area.default=@user.home/IDLWorkspace81 -Dosgi.configuration.area=@user.home/.idl/itt/idlworkbench-config-idl8.1.0 -Dosgi.configuration.cascaded=true -Dosgi.sharedConfiguration.area.readOnly=true -Dosgi.sharedConfiguration.area=C:\Program Files\ITT\IDL\IDL81\bin\bin.x86_64/configuration 
java_command: <unknown>
Launcher Type: generic

Environment Variables:
PATH=C:/Program Files/ITT/IDL/IDL81/bin/bin.x86_64/jre/bin/server;C:/Program Files/ITT/IDL/IDL81/bin/bin.x86_64/jre/bin;C:\Program Files\ITT\IDL\IDL81\bin\bin.x86_64\;C:\Program Files (x86)\NVIDIA Corporation\PhysX\Common;C:\WINDOWS\system32;C:\WINDOWS;C:\WINDOWS\System32\Wbem;c:\Program Files (x86)\Microsoft SQL Server\90\Tools\binn\
USERNAME=Administrator
OS=Windows_NT
PROCESSOR_IDENTIFIER=EM64T Family 6 Model 30 Stepping 5, GenuineIntel



---------------  S Y S T E M  ---------------

OS: Windows Server 2003 family Build 3790 Service Pack 2

CPU:total 4 (8 cores per cpu, 2 threads per core) family 6 model 30 stepping 5, cmov, cx8, fxsr, mmx, sse, sse2, sse3, ssse3, sse4.1, sse4.2, ht

Memory: 4k page, physical 16767752k(12901228k free), swap 18252600k(14843464k free)

vm_info: Java HotSpot(TM) 64-Bit Server VM (14.3-b01) for windows-amd64 JRE (1.6.0_17-b04), built on Oct 11 2009 00:46:08 by "java_re" with MS VC++ 8.0

time: Mon Sep 10 23:21:47 2012
elapsed time: 632840 seconds

